#
# A fatal error has been detected by the Java Runtime Environment:
#
#  EXCEPTION_ACCESS_VIOLATION (0xc0000005) at pc=0x000000005a133798, pid=5228, tid=7680
#
# JRE version: Java(TM) SE Runtime Environment (8.0_91-b14) (build 1.8.0_91-b14)
# Java VM: Java HotSpot(TM) 64-Bit Server VM (25.91-b14 mixed mode windows-amd64 compressed oops)
# Problematic frame:
# V  [jvm.dll+0x113798]
#
# Failed to write core dump. Minidumps are not enabled by default on client versions of Windows
#
# If you would like to submit a bug report, please visit:
#   http://bugreport.java.com/bugreport/crash.jsp
#

---------------  T H R E A D  ---------------

Current thread (0x00000000004ee000):  GCTaskThread [stack: 0x0000000012430000,0x0000000012530000] [id=7680]

siginfo: ExceptionCode=0xc0000005, reading address 0xffffffffffffffff

Registers:
RAX=0x00000000126e0000, RBX=0x0000000000000040, RCX=0x0000000000000000, RDX=0x0000000000000008
RSP=0x000000001252f820, RBP=0x0000000081e3d778, RSI=0x0000000057327050, RDI=0x0000000057327050
R8 =0x007fffffffbf4000, R9 =0x0000000016a3caa8, R10=0x000000000000000c, R11=0x000000005a6199b8
R12=0x0000000081e3d77c, R13=0x0000000016a3cce8, R14=0x0000000016a3ccf0, R15=0x0000000081e3d760
RIP=0x000000005a133798, EFLAGS=0x0000000000010202

Top of Stack: (sp=0x000000001252f820)
0x000000001252f820:   0000000016a3caa8 0000000081e3d744
0x000000001252f830:   0000000057327050 000000005a23bab2
0x000000001252f840:   0000000000000000 00000000004ee3a0
0x000000001252f850:   00000000004e9b00 0000000057327050
0x000000001252f860:   0000000000000292 000000005a413a40
0x000000001252f870:   0000000057327050 000000001252f989
0x000000001252f880:   0000000057327050 000000005a66c838
0x000000001252f890:   0000000057a80100 000000001252f989
0x000000001252f8a0:   0000000000000000 0000000000000004
0x000000001252f8b0:   0000000057327050 000000005a131e92
0x000000001252f8c0:   00000000836ab228 0000000000000000
0x000000001252f8d0:   0000000000000000 00000000004e9b00
0x000000001252f8e0:   00000000004ee3b0 00000000004ee3a0
0x000000001252f8f0:   000000005a66c838 0000000057327050
0x000000001252f900:   0000000000000000 000000001252f989
0x000000001252f910:   0000000057295440 000000005a410be0 

Instructions: (pc=0x000000005a133798)
0x000000005a133778:   05 f3 f7 6f 00 49 c1 e8 03 49 d3 e8 41 0f b6 c0
0x000000005a133788:   49 c1 e8 06 24 3f 0f b6 d0 48 8b 05 08 f8 6f 00
0x000000005a133798:   4a 8b 0c c0 48 0f a3 d1 0f 82 59 01 00 00 0f b6
0x000000005a1337a8:   15 84 04 6f 00 84 d2 74 16 44 8b 43 08 8b 0d e5 


Register to memory mapping:

RAX=0x00000000126e0000 is an unknown value
RBX=0x0000000000000040 is an unknown value
RCX=0x0000000000000000 is an unknown value
RDX=0x0000000000000008 is an unknown value
RSP=0x000000001252f820 is an unknown value
RBP=0x0000000081e3d778 is pointing into object: 0x0000000081e3d760
java.util.Hashtable$Entry 
 - klass: 'java/util/Hashtable$Entry'
RSI=0x0000000057327050 is an unknown value
RDI=0x0000000057327050 is an unknown value
R8 =0x007fffffffbf4000 is an unknown value
R9 =0x0000000016a3caa8 is pointing into metadata
R10=0x000000000000000c is an unknown value
R11=0x000000005a6199b8 is an unknown value
R12=0x0000000081e3d77c is pointing into object: 0x0000000081e3d760
java.util.Hashtable$Entry 
 - klass: 'java/util/Hashtable$Entry'
R13=0x0000000016a3cce8 is pointing into metadata
R14=0x0000000016a3ccf0 is pointing into metadata
R15=0x0000000081e3d760 is an oop
java.util.Hashtable$Entry 
 - klass: 'java/util/Hashtable$Entry'


Stack: [0x0000000012430000,0x0000000012530000],  sp=0x000000001252f820,  free space=1022k
Native frames: (J=compiled Java code, j=interpreted, Vv=VM code, C=native code)
V  [jvm.dll+0x113798]
V  [jvm.dll+0x3f3a40]
V  [jvm.dll+0x3f0be0]
V  [jvm.dll+0x3ee81e]
V  [jvm.dll+0x29a99a]
C  [msvcr100.dll+0x21d9f]
C  [msvcr100.dll+0x21e3b]
C  [kernel32.dll+0x159bd]
C  [ntdll.dll+0x2a2e1]


---------------  P R O C E S S  ---------------

Java Threads: ( => current thread )
  0x0000000059a25800 JavaThread "Swing-Shell" daemon [_thread_blocked, id=3828, stack(0x000000005cea0000,0x000000005cfa0000)]
  0x0000000059a76800 JavaThread "TimerQueue" daemon [_thread_blocked, id=3120, stack(0x0000000059f20000,0x000000005a020000)]
  0x0000000001ede000 JavaThread "DestroyJavaVM" [_thread_blocked, id=7484, stack(0x0000000002310000,0x0000000002410000)]
  0x00000000597e4800 JavaThread "AWT-EventQueue-0" [_thread_blocked, id=4240, stack(0x000000005ad50000,0x000000005ae50000)]
  0x0000000059792800 JavaThread "AWT-Windows" daemon [_thread_in_native, id=2964, stack(0x000000005aba0000,0x000000005aca0000)]
  0x0000000059792000 JavaThread "AWT-Shutdown" [_thread_blocked, id=5780, stack(0x000000005a920000,0x000000005aa20000)]
  0x0000000059791000 JavaThread "Java2D Disposer" daemon [_thread_blocked, id=7104, stack(0x000000005aa30000,0x000000005ab30000)]
  0x0000000058ddf000 JavaThread "Service Thread" daemon [_thread_blocked, id=7852, stack(0x0000000059470000,0x0000000059570000)]
  0x0000000058db5000 JavaThread "C1 CompilerThread2" daemon [_thread_blocked, id=4272, stack(0x0000000059350000,0x0000000059450000)]
  0x000000005741f800 JavaThread "C2 CompilerThread1" daemon [_thread_blocked, id=4492, stack(0x00000000591d0000,0x00000000592d0000)]
  0x000000005741a000 JavaThread "C2 CompilerThread0" daemon [_thread_blocked, id=1300, stack(0x0000000058cb0000,0x0000000058db0000)]
  0x0000000057414000 JavaThread "Attach Listener" daemon [_thread_blocked, id=1588, stack(0x0000000058a60000,0x0000000058b60000)]
  0x0000000057412800 JavaThread "Signal Dispatcher" daemon [_thread_blocked, id=7600, stack(0x0000000058700000,0x0000000058800000)]
  0x00000000573f9000 JavaThread "Finalizer" daemon [_thread_blocked, id=1792, stack(0x0000000058840000,0x0000000058940000)]
  0x00000000573b2000 JavaThread "Reference Handler" daemon [_thread_blocked, id=6536, stack(0x00000000585d0000,0x00000000586d0000)]

Other Threads:
  0x00000000573aa000 VMThread [stack: 0x0000000058410000,0x0000000058510000] [id=1064]
  0x0000000058de5800 WatcherThread [stack: 0x0000000059620000,0x0000000059720000] [id=5676]

=>0x00000000004ee000 (exited) GCTaskThread [stack: 0x0000000012430000,0x0000000012530000] [id=7680]

VM state:at safepoint (normal execution)

VM Mutex/Monitor currently owned by a thread:  ([mutex/lock_event])
[0x0000000001edc250] Threads_lock - owner thread: 0x00000000573aa000
[0x0000000001edc750] Heap_lock - owner thread: 0x0000000058db5000
[0x0000000001edccd0] MethodData_lock - owner thread: 0x0000000058db5000

Heap:
 PSYoungGen      total 38400K, used 5107K [0x00000000d5d80000, 0x00000000d8800000, 0x0000000100000000)
  eden space 33280K, 0% used [0x00000000d5d80000,0x00000000d5d80000,0x00000000d7e00000)
  from space 5120K, 99% used [0x00000000d7e00000,0x00000000d82fcc90,0x00000000d8300000)
  to   space 5120K, 0% used [0x00000000d8300000,0x00000000d8300000,0x00000000d8800000)
 ParOldGen       total 87552K, used 31447K [0x0000000081800000, 0x0000000086d80000, 0x00000000d5d80000)
  object space 87552K, 35% used [0x0000000081800000,0x00000000836b5e30,0x0000000086d80000)
 Metaspace       used 20843K, capacity 21102K, committed 21296K, reserved 1069056K
  class space    used 2665K, capacity 2745K, committed 2816K, reserved 1048576K

Card table byte_map: [0x0000000011aa0000,0x0000000011ea0000] byte_map_base: 0x0000000011694000

Marking Bits: (ParMarkBitMap*) 0x000000005a832f70
 Begin Bits: [0x00000000126e0000, 0x0000000014680000)
 End Bits:   [0x0000000014680000, 0x0000000016620000)

Polling page: 0x0000000000350000

CodeCache: size=245760Kb used=9833Kb max_used=9833Kb free=235926Kb
 bounds [0x00000000026e0000, 0x0000000003090000, 0x00000000116e0000]
 total_blobs=3583 nmethods=3039 adapters=453
 compilation: enabled

Compilation events (10 events):
Event: 43.762 Thread 0x0000000058db5000 nmethod 3087 0x0000000003079d90 code [0x0000000003079f60, 0x000000000307a838]
Event: 43.762 Thread 0x0000000058db5000 3093       1       javax.swing.JSpinner::getModel (5 bytes)
Event: 43.763 Thread 0x0000000058db5000 nmethod 3093 0x0000000003079ad0 code [0x0000000003079c20, 0x0000000003079d30]
Event: 43.764 Thread 0x0000000058db5000 3095       3       javax.swing.text.AbstractDocument$AbstractElement::checkForIllegalCast (30 bytes)
Event: 43.764 Thread 0x0000000058db5000 nmethod 3095 0x0000000003079390 code [0x0000000003079500, 0x0000000003079988]
Event: 43.764 Thread 0x0000000058db5000 3096       3       javax.swing.text.Segment::<init> (8 bytes)
Event: 43.764 Thread 0x0000000058db5000 nmethod 3096 0x0000000003078f10 code [0x0000000003079080, 0x00000000030792b0]
Event: 43.764 Thread 0x0000000058db5000 3097       3       javax.swing.text.Segment::<init> (25 bytes)
Event: 43.764 Thread 0x0000000058db5000 nmethod 3097 0x0000000003078b50 code [0x0000000003078ca0, 0x0000000003078e70]
Event: 43.768 Thread 0x0000000058db5000 3098       3       javax.swing.plaf.basic.BasicScrollPaneUI$Handler::propertyChange (28 bytes)

GC Heap History (7 events):
Event: 1.509 GC heap before
{Heap before GC invocations=1 (full 0):
 PSYoungGen      total 38400K, used 33280K [0x00000000d5d80000, 0x00000000d8800000, 0x0000000100000000)
  eden space 33280K, 100% used [0x00000000d5d80000,0x00000000d7e00000,0x00000000d7e00000)
  from space 5120K, 0% used [0x00000000d8300000,0x00000000d8300000,0x00000000d8800000)
  to   space 5120K, 0% used [0x00000000d7e00000,0x00000000d7e00000,0x00000000d8300000)
 ParOldGen       total 87552K, used 0K [0x0000000081800000, 0x0000000086d80000, 0x00000000d5d80000)
  object space 87552K, 0% used [0x0000000081800000,0x0000000081800000,0x0000000086d80000)
 Metaspace       used 14459K, capacity 14674K, committed 14848K, reserved 1062912K
  class space    used 1879K, capacity 1959K, committed 2048K, reserved 1048576K
Event: 1.521 GC heap after
Heap after GC invocations=1 (full 0):
 PSYoungGen      total 38400K, used 5089K [0x00000000d5d80000, 0x00000000d8800000, 0x0000000100000000)
  eden space 33280K, 0% used [0x00000000d5d80000,0x00000000d5d80000,0x00000000d7e00000)
  from space 5120K, 99% used [0x00000000d7e00000,0x00000000d82f85f8,0x00000000d8300000)
  to   space 5120K, 0% used [0x00000000d8300000,0x00000000d8300000,0x00000000d8800000)
 ParOldGen       total 87552K, used 6062K [0x0000000081800000, 0x0000000086d80000, 0x00000000d5d80000)
  object space 87552K, 6% used [0x0000000081800000,0x0000000081debac8,0x0000000086d80000)
 Metaspace       used 14459K, capacity 14674K, committed 14848K, reserved 1062912K
  class space    used 1879K, capacity 1959K, committed 2048K, reserved 1048576K
}
Event: 13.050 GC heap before
{Heap before GC invocations=2 (full 0):
 PSYoungGen      total 38400K, used 37481K [0x00000000d5d80000, 0x00000000d8800000, 0x0000000100000000)
  eden space 33280K, 97% used [0x00000000d5d80000,0x00000000d7d21e28,0x00000000d7e00000)
  from space 5120K, 99% used [0x00000000d7e00000,0x00000000d82f85f8,0x00000000d8300000)
  to   space 5120K, 0% used [0x00000000d8300000,0x00000000d8300000,0x00000000d8800000)
 ParOldGen       total 87552K, used 6062K [0x0000000081800000, 0x0000000086d80000, 0x00000000d5d80000)
  object space 87552K, 6% used [0x0000000081800000,0x0000000081debac8,0x0000000086d80000)
 Metaspace       used 19729K, capacity 19990K, committed 20352K, reserved 1067008K
  class space    used 2547K, capacity 2613K, committed 2688K, reserved 1048576K
Event: 13.063 GC heap after
Heap after GC invocations=2 (full 0):
 PSYoungGen      total 38400K, used 5092K [0x00000000d5d80000, 0x00000000d8800000, 0x0000000100000000)
  eden space 33280K, 0% used [0x00000000d5d80000,0x00000000d5d80000,0x00000000d7e00000)
  from space 5120K, 99% used [0x00000000d8300000,0x00000000d87f9218,0x00000000d8800000)
  to   space 5120K, 0% used [0x00000000d7e00000,0x00000000d7e00000,0x00000000d8300000)
 ParOldGen       total 87552K, used 23806K [0x0000000081800000, 0x0000000086d80000, 0x00000000d5d80000)
  object space 87552K, 27% used [0x0000000081800000,0x0000000082f3f9d8,0x0000000086d80000)
 Metaspace       used 19729K, capacity 19990K, committed 20352K, reserved 1067008K
  class space    used 2547K, capacity 2613K, committed 2688K, reserved 1048576K
}
Event: 43.768 GC heap before
{Heap before GC invocations=3 (full 0):
 PSYoungGen      total 38400K, used 37876K [0x00000000d5d80000, 0x00000000d8800000, 0x0000000100000000)
  eden space 33280K, 98% used [0x00000000d5d80000,0x00000000d7d83eb0,0x00000000d7e00000)
  from space 5120K, 99% used [0x00000000d8300000,0x00000000d87f9218,0x00000000d8800000)
  to   space 5120K, 0% used [0x00000000d7e00000,0x00000000d7e00000,0x00000000d8300000)
 ParOldGen       total 87552K, used 23806K [0x0000000081800000, 0x0000000086d80000, 0x00000000d5d80000)
  object space 87552K, 27% used [0x0000000081800000,0x0000000082f3f9d8,0x0000000086d80000)
 Metaspace       used 20843K, capacity 21102K, committed 21296K, reserved 1069056K
  class space    used 2665K, capacity 2745K, committed 2816K, reserved 1048576K
Event: 43.775 GC heap after
Heap after GC invocations=3 (full 0):
 PSYoungGen      total 38400K, used 5107K [0x00000000d5d80000, 0x00000000d8800000, 0x0000000100000000)
  eden space 33280K, 0% used [0x00000000d5d80000,0x00000000d5d80000,0x00000000d7e00000)
  from space 5120K, 99% used [0x00000000d7e00000,0x00000000d82fcc90,0x00000000d8300000)
  to   space 5120K, 0% used [0x00000000d8300000,0x00000000d8300000,0x00000000d8800000)
 ParOldGen       total 87552K, used 31447K [0x0000000081800000, 0x0000000086d80000, 0x00000000d5d80000)
  object space 87552K, 35% used [0x0000000081800000,0x00000000836b5e30,0x0000000086d80000)
 Metaspace       used 20843K, capacity 21102K, committed 21296K, reserved 1069056K
  class space    used 2665K, capacity 2745K, committed 2816K, reserved 1048576K
}
Event: 43.775 GC heap before
{Heap before GC invocations=4 (full 1):
 PSYoungGen      total 38400K, used 5107K [0x00000000d5d80000, 0x00000000d8800000, 0x0000000100000000)
  eden space 33280K, 0% used [0x00000000d5d80000,0x00000000d5d80000,0x00000000d7e00000)
  from space 5120K, 99% used [0x00000000d7e00000,0x00000000d82fcc90,0x00000000d8300000)
  to   space 5120K, 0% used [0x00000000d8300000,0x00000000d8300000,0x00000000d8800000)
 ParOldGen       total 87552K, used 31447K [0x0000000081800000, 0x0000000086d80000, 0x00000000d5d80000)
  object space 87552K, 35% used [0x0000000081800000,0x00000000836b5e30,0x0000000086d80000)
 Metaspace       used 20843K, capacity 21102K, committed 21296K, reserved 1069056K
  class space    used 2665K, capacity 2745K, committed 2816K, reserved 1048576K

Deoptimization events (10 events):
Event: 18.425 Thread 0x00000000597e4800 Uncommon trap: reason=class_check action=maybe_recompile pc=0x0000000002a3cd30 method=java.util.HashMap.putVal(ILjava/lang/Object;Ljava/lang/Object;ZZ)Ljava/lang/Object; @ 253
Event: 18.507 Thread 0x00000000597e4800 Uncommon trap: reason=unstable_if action=reinterpret pc=0x0000000002d740f0 method=javax.swing.SwingUtilities.computeIntersection(IIIILjava/awt/Rectangle;)Ljava/awt/Rectangle; @ 34
Event: 27.793 Thread 0x00000000597e4800 Uncommon trap: reason=unstable_if action=reinterpret pc=0x0000000002f868d8 method=java.awt.Toolkit$SelectiveAWTEventListener.eventDispatched(Ljava/awt/AWTEvent;)V @ 150
Event: 27.811 Thread 0x00000000597e4800 Uncommon trap: reason=unstable_if action=reinterpret pc=0x0000000002f4db40 method=java.util.IdentityHashMap.isEmpty()Z @ 4
Event: 27.918 Thread 0x00000000597e4800 Uncommon trap: reason=unstable_if action=reinterpret pc=0x0000000002ec4754 method=java.awt.Container$MouseEventTargetFilter.accept(Ljava/awt/Component;)Z @ 23
Event: 32.951 Thread 0x00000000597e4800 Uncommon trap: reason=unstable_if action=reinterpret pc=0x00000000028dad38 method=sun.java2d.SunGraphics2D.validateColor()V @ 38
Event: 34.118 Thread 0x00000000597e4800 Uncommon trap: reason=unstable_if action=reinterpret pc=0x0000000002eb41e8 method=sun.awt.PostEventQueue.flush()V @ 23
Event: 34.423 Thread 0x00000000597e4800 Uncommon trap: reason=unstable_if action=reinterpret pc=0x0000000002f6eea8 method=sun.java2d.pipe.Region.getIntersectionXYXY(IIII)Lsun/java2d/pipe/Region; @ 72
Event: 34.461 Thread 0x00000000597e4800 Uncommon trap: reason=unstable_if action=reinterpret pc=0x0000000002ea9764 method=sun.java2d.pipe.Region.getIntersectionXYXY(IIII)Lsun/java2d/pipe/Region; @ 72
Event: 35.807 Thread 0x00000000597e4800 Uncommon trap: reason=unstable_if action=reinterpret pc=0x000000000300ede8 method=javax.swing.text.html.parser.ContentModel.first(Ljava/lang/Object;)Z @ 193

Internal exceptions (10 events):
Event: 1.278 Thread 0x00000000597e4800 Exception <a 'java/lang/ClassNotFoundException': com/sun/org/glassfish/hk2/osgiresourcelocator/ServiceLoader> (0x00000000d7649ab0) thrown at [C:\re\workspace\8-2-build-windows-amd64-cygwin\jdk8u91\6644\hotspot\src\share\vm\classfile\systemDictionary.cpp, lýÌ´ˆD@õ?
Event: 1.328 Thread 0x00000000597e4800 Exception <a 'java/lang/NullPointerException'> (0x00000000d7872120) thrown at [C:\re\workspace\8-2-build-windows-amd64-cygwin\jdk8u91\6644\hotspot\src\share\vm\interpreter\linkResolver.cpp, line 1280]
Event: 1.412 Thread 0x00000000597e4800 Exception <a 'java/lang/ArrayIndexOutOfBoundsException'> (0x00000000d7af4150) thrown at [C:\re\workspace\8-2-build-windows-amd64-cygwin\jdk8u91\6644\hotspot\src\share\vm\runtime\sharedRuntime.cpp, line 605]
Event: 1.413 Thread 0x00000000597e4800 Exception <a 'java/lang/ArrayIndexOutOfBoundsException'> (0x00000000d7af5430) thrown at [C:\re\workspace\8-2-build-windows-amd64-cygwin\jdk8u91\6644\hotspot\src\share\vm\runtime\sharedRuntime.cpp, line 605]
Event: 1.413 Thread 0x00000000597e4800 Exception <a 'java/lang/ArrayIndexOutOfBoundsException'> (0x00000000d7af6170) thrown at [C:\re\workspace\8-2-build-windows-amd64-cygwin\jdk8u91\6644\hotspot\src\share\vm\runtime\sharedRuntime.cpp, line 605]
Event: 1.414 Thread 0x00000000597e4800 Exception <a 'java/lang/ArrayIndexOutOfBoundsException'> (0x00000000d7af7fe0) thrown at [C:\re\workspace\8-2-build-windows-amd64-cygwin\jdk8u91\6644\hotspot\src\share\vm\runtime\sharedRuntime.cpp, line 605]
Event: 1.427 Thread 0x00000000597e4800 Exception <a 'java/lang/ArrayIndexOutOfBoundsException'> (0x00000000d7b4e928) thrown at [C:\re\workspace\8-2-build-windows-amd64-cygwin\jdk8u91\6644\hotspot\src\share\vm\runtime\sharedRuntime.cpp, line 605]
Event: 1.429 Thread 0x00000000597e4800 Exception <a 'java/lang/ArrayIndexOutOfBoundsException'> (0x00000000d7b5a1c8) thrown at [C:\re\workspace\8-2-build-windows-amd64-cygwin\jdk8u91\6644\hotspot\src\share\vm\runtime\sharedRuntime.cpp, line 605]
Event: 1.851 Thread 0x0000000059a33800 Exception <a 'java/lang/InterruptedException': sleep interrupted> (0x00000000d639a350) thrown at [C:\re\workspace\8-2-build-windows-amd64-cygwin\jdk8u91\6644\hotspot\src\share\vm\prims\jvm.cpp, line 3167]
Event: 1.869 Thread 0x0000000059a33800 Exception <a 'java/lang/InterruptedException': sleep interrupted> (0x00000000d63a3e68) thrown at [C:\re\workspace\8-2-build-windows-amd64-cygwin\jdk8u91\6644\hotspot\src\share\vm\prims\jvm.cpp, line 3167]

Events (10 events):
Event: 43.762 loading class superrolbattle/ventanas/CrearNewAlter$5 done
Event: 43.764 loading class superrolbattle/ventanas/CrearNewAlter$6
Event: 43.764 loading class superrolbattle/ventanas/CrearNewAlter$6 done
Event: 43.765 loading class superrolbattle/ventanas/CrearNewAlter$7
Event: 43.765 loading class superrolbattle/ventanas/CrearNewAlter$7 done
Event: 43.767 Executing VM operation: RevokeBias
Event: 43.767 Executing VM operation: RevokeBias done
Event: 43.767 Executing VM operation: RevokeBias
Event: 43.767 Executing VM operation: RevokeBias done
Event: 43.768 Executing VM operation: CollectForMetadataAllocation


Dynamic libraries:
0x000000013f150000 - 0x000000013f187000 	C:\Program Files\Java\jdk1.8.0_91\jre\bin\java.exe
0x0000000077280000 - 0x000000007742a000 	C:\Windows\SYSTEM32\ntdll.dll
0x000007fef41c0000 - 0x000007fef4214000 	C:\Program Files (x86)\AVG\Av\avghooka.dll
0x0000000077160000 - 0x000000007727f000 	C:\Windows\system32\kernel32.dll
0x000007fefc000000 - 0x000007fefc06a000 	C:\Windows\system32\KERNELBASE.dll
0x000007fefdd30000 - 0x000007fefde0b000 	C:\Windows\system32\ADVAPI32.dll
0x000007fefc6e0000 - 0x000007fefc77f000 	C:\Windows\system32\msvcrt.dll
0x000007fefda80000 - 0x000007fefda9f000 	C:\Windows\SYSTEM32\sechost.dll
0x000007fefd530000 - 0x000007fefd65d000 	C:\Windows\system32\RPCRT4.dll
0x0000000077060000 - 0x000000007715a000 	C:\Windows\system32\USER32.dll
0x000007fefd900000 - 0x000007fefd967000 	C:\Windows\system32\GDI32.dll
0x000007fefd6e0000 - 0x000007fefd6ee000 	C:\Windows\system32\LPK.dll
0x000007fefdb80000 - 0x000007fefdc4a000 	C:\Windows\system32\USP10.dll
0x000007fefa740000 - 0x000007fefa934000 	C:\Windows\WinSxS\amd64_microsoft.windows.common-controls_6595b64144ccf1df_6.0.7601.18837_none_fa3b1e3d17594757\COMCTL32.dll
0x000007fefd660000 - 0x000007fefd6d1000 	C:\Windows\system32\SHLWAPI.dll
0x000007fefdab0000 - 0x000007fefdade000 	C:\Windows\system32\IMM32.DLL
0x000007fefd970000 - 0x000007fefda79000 	C:\Windows\system32\MSCTF.dll
0x0000000064ac0000 - 0x0000000064b92000 	C:\Program Files\Java\jdk1.8.0_91\jre\bin\msvcr100.dll
0x000000005a020000 - 0x000000005a8b3000 	C:\Program Files\Java\jdk1.8.0_91\jre\bin\server\jvm.dll
0x000007fef4190000 - 0x000007fef4199000 	C:\Windows\system32\WSOCK32.dll
0x000007fefe0a0000 - 0x000007fefe0ed000 	C:\Windows\system32\WS2_32.dll
0x000007fefdaa0000 - 0x000007fefdaa8000 	C:\Windows\system32\NSI.dll
0x000007fef9aa0000 - 0x000007fef9adb000 	C:\Windows\system32\WINMM.dll
0x000007fefadd0000 - 0x000007fefaddc000 	C:\Windows\system32\VERSION.dll
0x0000000077440000 - 0x0000000077447000 	C:\Windows\system32\PSAPI.DLL
0x0000000066e80000 - 0x0000000066e8f000 	C:\Program Files\Java\jdk1.8.0_91\jre\bin\verify.dll
0x0000000066aa0000 - 0x0000000066ac9000 	C:\Program Files\Java\jdk1.8.0_91\jre\bin\java.dll
0x0000000066b70000 - 0x0000000066b86000 	C:\Program Files\Java\jdk1.8.0_91\jre\bin\zip.dll
0x000007fefc780000 - 0x000007fefd509000 	C:\Windows\system32\SHELL32.dll
0x000007fefd6f0000 - 0x000007fefd8f3000 	C:\Windows\system32\ole32.dll
0x000007fefbcf0000 - 0x000007fefbcff000 	C:\Windows\system32\profapi.dll
0x0000000063dd0000 - 0x0000000063f68000 	C:\Program Files\Java\jdk1.8.0_91\jre\bin\awt.dll
0x000007fefe0f0000 - 0x000007fefe1c8000 	C:\Windows\system32\OLEAUT32.dll
0x000007fefa1d0000 - 0x000007fefa226000 	C:\Windows\system32\uxtheme.dll
0x000007fefa2b0000 - 0x000007fefa2c8000 	C:\Windows\system32\dwmapi.dll
0x000007fefbb40000 - 0x000007fefbb4f000 	C:\Windows\system32\CRYPTBASE.dll
0x0000000064bb0000 - 0x0000000064bf7000 	C:\Program Files\Java\jdk1.8.0_91\jre\bin\fontmanager.dll
0x0000000064c20000 - 0x0000000064c3a000 	C:\Program Files\Java\jdk1.8.0_91\jre\bin\net.dll
0x000007fefb480000 - 0x000007fefb4d5000 	C:\Windows\system32\mswsock.dll
0x000007fefb470000 - 0x000007fefb477000 	C:\Windows\System32\wship6.dll
0x0000000064c00000 - 0x0000000064c11000 	C:\Program Files\Java\jdk1.8.0_91\jre\bin\nio.dll
0x0000000064000000 - 0x0000000064042000 	C:\Program Files\Java\jdk1.8.0_91\jre\bin\t2k.dll
0x000007fefe1d0000 - 0x000007fefe269000 	C:\Windows\system32\CLBCatQ.DLL
0x000007fef9cf0000 - 0x000007fef9e51000 	C:\Windows\system32\WindowsCodecs.dll
0x000007fefbae0000 - 0x000007fefbb37000 	C:\Windows\system32\apphelp.dll
0x000007fef1bb0000 - 0x000007fef1c70000 	C:\Program Files (x86)\Google\Drive\googledrivesync64.dll
0x000000006f000000 - 0x000000006f0d3000 	C:\Windows\WinSxS\amd64_microsoft.vc90.crt_1fc8b3b9a1e18e3b_9.0.30729.6161_none_08e61857a83bc251\MSVCP90.dll
0x000000006f200000 - 0x000000006f2a3000 	C:\Windows\WinSxS\amd64_microsoft.vc90.crt_1fc8b3b9a1e18e3b_9.0.30729.6161_none_08e61857a83bc251\MSVCR90.dll
0x000007fef1eb0000 - 0x000007fef1ee5000 	C:\Windows\system32\EhStorShell.dll
0x000007fefc230000 - 0x000007fefc407000 	C:\Windows\system32\SETUPAPI.dll
0x000007fefbfc0000 - 0x000007fefbff6000 	C:\Windows\system32\CFGMGR32.dll
0x000007fefc070000 - 0x000007fefc08a000 	C:\Windows\system32\DEVOBJ.dll
0x000007fefa490000 - 0x000007fefa5bc000 	C:\Windows\system32\PROPSYS.dll
0x000007fef1de0000 - 0x000007fef1e5e000 	C:\Windows\System32\cscui.dll
0x000007fef1f00000 - 0x000007fef1f0c000 	C:\Windows\System32\CSCDLL.dll
0x000007fef1e80000 - 0x000007fef1e8f000 	C:\Windows\system32\CSCAPI.dll
0x000007fef1ca0000 - 0x000007fef1d20000 	C:\Windows\system32\ntshrui.dll
0x000007fefb760000 - 0x000007fefb783000 	C:\Windows\system32\srvcli.dll
0x000007fef9890000 - 0x000007fef989b000 	C:\Windows\system32\slc.dll
0x000007fef38c0000 - 0x000007fef3960000 	C:\Windows\WinSxS\amd64_microsoft.windows.common-controls_6595b64144ccf1df_5.82.7601.18837_none_a4d981ff711297b6\comctl32.dll
0x000007fefa240000 - 0x000007fefa26d000 	C:\Windows\system32\ntmarta.dll
0x000007fefdcd0000 - 0x000007fefdd22000 	C:\Windows\system32\WLDAP32.dll
0x000007feec1b0000 - 0x000007feec34c000 	C:\Windows\system32\NetworkExplorer.dll
0x000007fef1870000 - 0x000007fef18a4000 	C:\Windows\System32\shdocvw.dll
0x000007fef38a0000 - 0x000007fef38b8000 	C:\Windows\system32\MPR.dll
0x000007feed360000 - 0x000007feed36a000 	C:\Windows\System32\drprov.dll
0x000007fefbb50000 - 0x000007fefbb8d000 	C:\Windows\System32\WINSTA.dll
0x000007feed330000 - 0x000007feed352000 	C:\Windows\System32\ntlanman.dll
0x000007feec190000 - 0x000007feec1ad000 	C:\Windows\System32\davclnt.dll
0x000007feed320000 - 0x000007feed32a000 	C:\Windows\System32\DAVHLPR.dll
0x000007fef9640000 - 0x000007fef9655000 	C:\Windows\system32\wkscli.dll
0x000007fef9660000 - 0x000007fef966c000 	C:\Windows\system32\netutils.dll
0x000007fed93a0000 - 0x000007fed9611000 	C:\Windows\system32\wpdshext.dll
0x000007fef9fb0000 - 0x000007fefa1c6000 	C:\Windows\WinSxS\amd64_microsoft.windows.gdiplus_6595b64144ccf1df_1.1.7601.23407_none_14556c1e8b95d0b8\gdiplus.dll
0x000007fef4220000 - 0x000007fef42dd000 	C:\Windows\system32\PortableDeviceApi.dll
0x000007fefbee0000 - 0x000007fefbf1b000 	C:\Windows\system32\WINTRUST.dll
0x000007fefbd20000 - 0x000007fefbe8d000 	C:\Windows\system32\CRYPT32.dll
0x000007fefbce0000 - 0x000007fefbcef000 	C:\Windows\system32\MSASN1.dll
0x000007fef4750000 - 0x000007fef4777000 	C:\Windows\system32\EhStorAPI.dll
0x000007fef1860000 - 0x000007fef186c000 	C:\Windows\system32\LINKINFO.dll
0x000007feecfc0000 - 0x000007feed097000 	C:\Windows\system32\SearchFolder.dll
0x000007fef3f40000 - 0x000007fef3fbb000 	C:\Windows\System32\StructuredQuery.dll
0x000007fefb900000 - 0x000007fefb90b000 	C:\Windows\System32\Secur32.dll
0x000007fefbab0000 - 0x000007fefbad5000 	C:\Windows\system32\SSPICLI.DLL
0x000007fef9620000 - 0x000007fef9634000 	C:\Windows\system32\samcli.dll
0x000007fefa6f0000 - 0x000007fefa70d000 	C:\Windows\system32\SAMLIB.dll
0x000007fee71a0000 - 0x000007fee72c5000 	C:\Windows\system32\dbghelp.dll

VM Arguments:
jvm_args: -Dfile.encoding=UTF-8 
java_command: superrolbattle.Principal
java_class_path (initial): C:\Users\TiranoJuan\workspace\batallamasas;C:\Program Files\NetBeans 8.1\java\modules\ext\AbsoluteLayout.jar;C:\Users\TiranoJuan\Documents\NetBeansProjects\lib\javacsv.jar;C:\Users\TiranoJuan\Documents\NetBeansProjects\lib\jaxb-api.jar;C:\Users\TiranoJuan\Documents\NetBeansProjects\lib\jaxb-core.jar;C:\Users\TiranoJuan\Documents\NetBeansProjects\lib\jaxb-impl.jar;C:\Users\TiranoJuan\Documents\NetBeansProjects\lib\jaxb-jxc.jar;C:\Users\TiranoJuan\Documents\NetBeansProjects\lib\jaxb-xjc.jar;C:\Users\TiranoJuan\Documents\NetBeansProjects\batallamasas - copia\build\classes
Launcher Type: SUN_STANDARD

Environment Variables:
PATH=C:\ProgramData\Oracle\Java\javapath;C:\Windows\system32;C:\Windows;C:\Windows\System32\Wbem;C:\Windows\System32\WindowsPowerShell\v1.0\;C:\Program Files\OpenVPN\bin;C:\Users\TiranoJuan\AppData\Local\atom\bin;C:\adb;C:\Program Files (x86)\Skype\Phone\
USERNAME=TiranoJuan
OS=Windows_NT
PROCESSOR_IDENTIFIER=Intel64 Family 6 Model 58 Stepping 8, GenuineIntel



---------------  S Y S T E M  ---------------

OS: Windows 7 , 64 bit Build 7601 (6.1.7601.23418)

CPU:total 4 (2 cores per cpu, 2 threads per core) family 6 model 58 stepping 8, cmov, cx8, fxsr, mmx, sse, sse2, sse3, ssse3, sse4.1, sse4.2, popcnt, avx, aes, clmul, erms, ht, tsc, tscinvbit, tscinv

Memory: 4k page, physical 8283244k(2887888k free), swap 16564628k(10714404k free)

vm_info: Java HotSpot(TM) 64-Bit Server VM (25.91-b14) for windows-amd64 JRE (1.8.0_91-b14), built on Apr  1 2016 00:58:32 by "java_re" with MS VC++ 10.0 (VS2010)

time: Sun Mar 12 14:05:28 2017
elapsed time: 43 seconds (0d 0h 0m 43s)

